2024-10-03 17:09:03,853 [1086] barman.server ERROR: Check 'WAL archive' failed for server 'pg'
2024-10-03 17:09:03,942 [1086] barman.server ERROR: Check 'replication slot' failed for server 'pg'
2024-10-03 17:09:03,946 [1086] barman.server ERROR: Check 'receive-wal running' failed for server 'pg'
2024-10-03 17:12:52,396 [2739] barman.server ERROR: Check 'WAL archive' failed for server 'pg'
2024-10-03 17:12:52,482 [2739] barman.server ERROR: Check 'replication slot' failed for server 'pg'
2024-10-03 17:12:52,486 [2739] barman.server ERROR: Check 'receive-wal running' failed for server 'pg'
2024-10-03 17:13:00,686 [2743] barman.server ERROR: Check 'WAL archive' failed for server 'pg'
2024-10-03 17:13:00,775 [2743] barman.server ERROR: Check 'replication slot' failed for server 'pg'
2024-10-03 17:13:00,779 [2743] barman.server ERROR: Check 'receive-wal running' failed for server 'pg'
2024-10-03 17:15:05,816 [2760] barman.server INFO: Starting receive-wal for server pg
2024-10-03 17:15:05,818 [2760] barman.wal_archiver INFO: Activating WAL archiving through streaming protocol
2024-10-03 17:15:05,851 [2760] barman.command_wrappers INFO: pg: pg_receivewal: starting log streaming at 0/3000000 (timeline 1)
2024-10-03 17:15:20,273 [2765] barman.server ERROR: Check 'WAL archive' failed for server 'pg'
2024-10-03 17:16:44,599 [2768] barman.server ERROR: Check 'WAL archive' failed for server 'pg'
2024-10-03 17:16:44,692 [2768] barman.server ERROR: Impossible to start the backup. Check the log for more details, or run 'barman check pg'
2024-10-03 17:19:15,585 [2760] barman.wal_archiver INFO: SIGINT received. Terminate gracefully.
2024-10-03 17:21:30,130 [3864] barman.server ERROR: Check 'WAL archive' failed for server 'pg'
2024-10-03 17:21:30,222 [3864] barman.server ERROR: Check 'replication slot' failed for server 'pg'
2024-10-03 17:21:30,225 [3864] barman.server ERROR: Check 'receive-wal running' failed for server 'pg'
2024-10-03 17:21:54,257 [3872] barman.server INFO: Starting receive-wal for server pg
2024-10-03 17:21:54,259 [3872] barman.wal_archiver INFO: Activating WAL archiving through streaming protocol
2024-10-03 17:21:54,294 [3872] barman.command_wrappers INFO: pg: pg_receivewal: starting log streaming at 0/3000000 (timeline 1)
2024-10-03 17:22:00,844 [3876] barman.server ERROR: Check 'WAL archive' failed for server 'pg'
2024-10-03 17:23:05,684 [3880] barman.server INFO: Force a CHECKPOINT before pg_switch_wal()
2024-10-03 17:23:05,697 [3880] barman.postgres WARNING: Error checking privileges for functions needed for creating checkpoints: role "pg_checkpoint" does not exist
2024-10-03 17:23:05,699 [3880] barman.server ERROR: Barman switch-wal --force requires superuser rights or the 'pg_checkpoint' role
2024-10-03 17:24:28,560 [3872] barman.command_wrappers INFO: pg: pg_receivewal: not renaming "000000010000000000000003.partial", segment is not complete
2024-10-03 17:24:28,562 [3872] barman.command_wrappers INFO: pg: pg_receivewal: error: replication stream was terminated before stop point
2024-10-03 17:24:28,563 [3872] barman.command_wrappers INFO: pg: pg_receivewal: error: disconnected
2024-10-03 17:24:28,563 [3872] barman.server ERROR: ArchiverFailure:pg_receivewal terminated with error code: 1
2024-10-03 17:25:00,302 [3881] barman.server INFO: Force a CHECKPOINT before pg_switch_wal()
2024-10-03 17:25:00,369 [3881] barman.server INFO: The WAL file 000000010000000000000003 has been closed on server 'pg'
2024-10-03 17:25:00,370 [3881] barman.server INFO: Waiting for the WAL file 000000010000000000000003 from server 'pg' (max: 30 seconds)
2024-10-03 17:25:00,370 [3881] barman.wal_archiver INFO: No xlog segments found from streaming for pg.
2024-10-03 17:25:00,472 [3881] barman.wal_archiver INFO: No xlog segments found from streaming for pg.
2024-10-03 17:25:00,573 [3881] barman.wal_archiver INFO: No xlog segments found from streaming for pg.
2024-10-03 17:25:00,674 [3881] barman.wal_archiver INFO: No xlog segments found from streaming for pg.
2024-10-03 17:25:00,776 [3881] barman.wal_archiver INFO: No xlog segments found from streaming for pg.
2024-10-03 17:25:00,877 [3881] barman.wal_archiver INFO: No xlog segments found from streaming for pg.
2024-10-03 17:25:00,979 [3881] barman.wal_archiver INFO: No xlog segments found from streaming for pg.
2024-10-03 17:25:01,080 [3881] barman.wal_archiver INFO: No xlog segments found from streaming for pg.
2024-10-03 17:25:01,181 [3881] barman.wal_archiver INFO: No xlog segments found from streaming for pg.
2024-10-03 17:25:01,282 [3881] barman.wal_archiver INFO: No xlog segments found from streaming for pg.
2024-10-03 17:25:01,383 [3881] barman.wal_archiver INFO: No xlog segments found from streaming for pg.
2024-10-03 17:25:01,485 [3881] barman.wal_archiver INFO: No xlog segments found from streaming for pg.
2024-10-03 17:25:01,586 [3881] barman.wal_archiver INFO: No xlog segments found from streaming for pg.
2024-10-03 17:25:01,687 [3881] barman.wal_archiver INFO: No xlog segments found from streaming for pg.
2024-10-03 17:25:01,788 [3881] barman.wal_archiver INFO: No xlog segments found from streaming for pg.
2024-10-03 17:25:01,890 [3881] barman.wal_archiver INFO: No xlog segments found from streaming for pg.
2024-10-03 17:25:01,991 [3881] barman.wal_archiver INFO: No xlog segments found from streaming for pg.
2024-10-03 17:25:02,093 [3881] barman.wal_archiver INFO: No xlog segments found from streaming for pg.
2024-10-03 17:25:02,194 [3881] barman.wal_archiver INFO: No xlog segments found from streaming for pg.
2024-10-03 17:25:02,296 [3881] barman.wal_archiver INFO: No xlog segments found from streaming for pg.
2024-10-03 17:25:02,397 [3881] barman.wal_archiver INFO: No xlog segments found from streaming for pg.
2024-10-03 17:25:02,499 [3881] barman.wal_archiver INFO: No xlog segments found from streaming for pg.
2024-10-03 17:25:02,600 [3881] barman.wal_archiver INFO: No xlog segments found from streaming for pg.
2024-10-03 17:25:02,701 [3881] barman.wal_archiver INFO: No xlog segments found from streaming for pg.
2024-10-03 17:25:02,802 [3881] barman.wal_archiver INFO: No xlog segments found from streaming for pg.
2024-10-03 17:25:02,905 [3881] barman.wal_archiver INFO: No xlog segments found from streaming for pg.
2024-10-03 17:25:03,008 [3881] barman.wal_archiver INFO: No xlog segments found from streaming for pg.
2024-10-03 17:25:03,109 [3881] barman.wal_archiver INFO: No xlog segments found from streaming for pg.
2024-10-03 17:25:03,213 [3881] barman.wal_archiver INFO: No xlog segments found from streaming for pg.
2024-10-03 17:25:03,314 [3881] barman.wal_archiver INFO: No xlog segments found from streaming for pg.
2024-10-03 17:25:03,416 [3881] barman.wal_archiver INFO: No xlog segments found from streaming for pg.
2024-10-03 17:25:03,517 [3881] barman.wal_archiver INFO: No xlog segments found from streaming for pg.
2024-10-03 17:25:03,619 [3881] barman.wal_archiver INFO: No xlog segments found from streaming for pg.
2024-10-03 17:25:03,721 [3881] barman.wal_archiver INFO: No xlog segments found from streaming for pg.
2024-10-03 17:25:03,823 [3881] barman.wal_archiver INFO: No xlog segments found from streaming for pg.
2024-10-03 17:25:03,926 [3881] barman.wal_archiver INFO: No xlog segments found from streaming for pg.
2024-10-03 17:25:04,029 [3881] barman.wal_archiver INFO: No xlog segments found from streaming for pg.
2024-10-03 17:25:04,130 [3881] barman.wal_archiver INFO: No xlog segments found from streaming for pg.
2024-10-03 17:25:04,232 [3881] barman.wal_archiver INFO: No xlog segments found from streaming for pg.
2024-10-03 17:25:04,335 [3881] barman.wal_archiver INFO: No xlog segments found from streaming for pg.
2024-10-03 17:25:04,438 [3881] barman.wal_archiver INFO: No xlog segments found from streaming for pg.
2024-10-03 17:25:04,541 [3881] barman.wal_archiver INFO: No xlog segments found from streaming for pg.
2024-10-03 17:25:04,642 [3881] barman.wal_archiver INFO: No xlog segments found from streaming for pg.
2024-10-03 17:25:04,744 [3881] barman.wal_archiver INFO: No xlog segments found from streaming for pg.
2024-10-03 17:25:04,845 [3881] barman.wal_archiver INFO: No xlog segments found from streaming for pg.
2024-10-03 17:25:04,946 [3881] barman.wal_archiver INFO: No xlog segments found from streaming for pg.
2024-10-03 17:25:05,047 [3881] barman.wal_archiver INFO: No xlog segments found from streaming for pg.
2024-10-03 17:25:05,148 [3881] barman.wal_archiver INFO: No xlog segments found from streaming for pg.
2024-10-03 17:25:05,249 [3881] barman.wal_archiver INFO: No xlog segments found from streaming for pg.
2024-10-03 17:25:05,351 [3881] barman.wal_archiver INFO: No xlog segments found from streaming for pg.
2024-10-03 17:25:05,453 [3881] barman.wal_archiver INFO: No xlog segments found from streaming for pg.
2024-10-03 17:25:05,554 [3881] barman.wal_archiver INFO: No xlog segments found from streaming for pg.
2024-10-03 17:25:05,655 [3881] barman.wal_archiver INFO: No xlog segments found from streaming for pg.
2024-10-03 17:25:05,756 [3881] barman.wal_archiver INFO: No xlog segments found from streaming for pg.
2024-10-03 17:25:05,857 [3881] barman.wal_archiver INFO: No xlog segments found from streaming for pg.
2024-10-03 17:25:05,959 [3881] barman.wal_archiver INFO: No xlog segments found from streaming for pg.
2024-10-03 17:25:06,061 [3881] barman.wal_archiver INFO: No xlog segments found from streaming for pg.
2024-10-03 17:25:06,162 [3881] barman.wal_archiver INFO: No xlog segments found from streaming for pg.
2024-10-03 17:25:06,235 [3881] barman.cli ERROR: Process interrupted by user (KeyboardInterrupt)
2024-10-03 17:25:09,099 [3882] barman.server ERROR: Check 'WAL archive' failed for server 'pg'
2024-10-03 17:25:09,198 [3882] barman.server ERROR: Check 'replication slot' failed for server 'pg'
2024-10-03 17:25:09,201 [3882] barman.server ERROR: Check 'receive-wal running' failed for server 'pg'
2024-10-03 17:25:13,947 [3885] barman.server INFO: Starting receive-wal for server pg
2024-10-03 17:25:13,950 [3885] barman.wal_archiver INFO: Activating WAL archiving through streaming protocol
2024-10-03 17:25:13,981 [3885] barman.command_wrappers INFO: pg: pg_receivewal: starting log streaming at 0/3000000 (timeline 1)
2024-10-03 17:25:14,054 [3885] barman.command_wrappers INFO: pg: pg_receivewal: finished segment at 0/4000000 (timeline 1)
2024-10-03 17:25:17,107 [3889] barman.server ERROR: Check 'WAL archive' failed for server 'pg'
2024-10-03 17:25:24,851 [3892] barman.server INFO: Force a CHECKPOINT before pg_switch_wal()
2024-10-03 17:25:24,966 [3892] barman.server INFO: The WAL file 000000010000000000000004 has been closed on server 'pg'
2024-10-03 17:25:24,968 [3892] barman.server INFO: Waiting for the WAL file 000000010000000000000004 from server 'pg' (max: 30 seconds)
2024-10-03 17:25:24,969 [3892] barman.wal_archiver INFO: Found 1 xlog segments from streaming for pg. Archive all segments in one run.
2024-10-03 17:25:24,969 [3892] barman.wal_archiver INFO: Archiving segment 1 of 1 from streaming: pg/000000010000000000000003
2024-10-03 17:25:25,029 [3885] barman.command_wrappers INFO: pg: pg_receivewal: finished segment at 0/5000000 (timeline 1)
2024-10-03 17:25:25,161 [3892] barman.wal_archiver INFO: Found 1 xlog segments from streaming for pg. Archive all segments in one run.
2024-10-03 17:25:25,162 [3892] barman.wal_archiver INFO: Archiving segment 1 of 1 from streaming: pg/000000010000000000000004
2024-10-03 17:25:48,496 [3897] barman.backup INFO: Starting backup using postgres method for server pg in /var/lib/barman/pg/base/20241003T172548
2024-10-03 17:25:48,512 [3897] barman.backup_executor INFO: Backup start at LSN: 0/5000060 (000000010000000000000005, 00000060)
2024-10-03 17:25:48,513 [3897] barman.backup_executor INFO: Starting backup copy via pg_basebackup for 20241003T172548
2024-10-03 17:25:48,544 [3897] barman.backup_executor INFO: pg_basebackup: initiating base backup, waiting for checkpoint to complete
2024-10-03 17:25:48,644 [3885] barman.command_wrappers INFO: pg: pg_receivewal: finished segment at 0/6000000 (timeline 1)
2024-10-03 17:25:48,663 [3897] barman.backup_executor INFO: pg_basebackup: checkpoint completed
2024-10-03 17:25:48,828 [3897] barman.backup_executor INFO: NOTICE:  WAL archiving is not enabled; you must ensure that all required WAL segments are copied through other means to complete the backup
2024-10-03 17:25:48,829 [3897] barman.backup_executor INFO: pg_basebackup: syncing data to disk ...
2024-10-03 17:25:48,887 [3885] barman.command_wrappers INFO: pg: pg_receivewal: finished segment at 0/7000000 (timeline 1)
2024-10-03 17:25:49,366 [3897] barman.backup_executor INFO: pg_basebackup: renaming backup_manifest.tmp to backup_manifest
2024-10-03 17:25:49,370 [3897] barman.backup_executor INFO: pg_basebackup: base backup completed
2024-10-03 17:25:49,371 [3897] barman.backup_executor INFO: 
2024-10-03 17:25:49,372 [3897] barman.backup_executor INFO: Copy done (time: less than one second)
2024-10-03 17:25:49,373 [3897] barman.backup_executor INFO: Finalising the backup.
2024-10-03 17:25:49,390 [3897] barman.backup_executor INFO: This is the first backup for server pg
2024-10-03 17:25:49,396 [3897] barman.backup_executor INFO: 	000000010000000000000003 from server pg has been removed
2024-10-03 17:25:49,397 [3897] barman.backup_executor INFO: 	000000010000000000000004 from server pg has been removed
2024-10-03 17:25:49,399 [3897] barman.postgres INFO: Restore point 'barman_20241003T172548' successfully created
2024-10-03 17:25:49,954 [3897] barman.backup INFO: Backup size: 25.4 MiB
2024-10-03 17:25:49,954 [3897] barman.backup INFO: Backup end at LSN: 0/7000000 (000000010000000000000006, 00000000)
2024-10-03 17:25:49,955 [3897] barman.backup INFO: Backup completed (start time: 2024-10-03 17:25:48.514118, elapsed time: 1 second)
2024-10-03 17:25:49,962 [3897] barman.wal_archiver INFO: Found 2 xlog segments from streaming for pg. Archive all segments in one run.
2024-10-03 17:25:49,963 [3897] barman.wal_archiver INFO: Archiving segment 1 of 2 from streaming: pg/000000010000000000000005
2024-10-03 17:25:50,043 [3897] barman.wal_archiver INFO: Archiving segment 2 of 2 from streaming: pg/000000010000000000000006
2024-10-03 17:29:48,578 [3885] barman.wal_archiver INFO: SIGINT received. Terminate gracefully.
2024-10-03 17:29:50,244 [3905] barman.server INFO: Starting receive-wal for server pg
2024-10-03 17:29:50,248 [3905] barman.wal_archiver INFO: Activating WAL archiving through streaming protocol
2024-10-03 17:29:50,286 [3905] barman.command_wrappers INFO: pg: pg_receivewal: starting log streaming at 0/7000000 (timeline 1)
2024-10-03 17:33:06,060 [3905] barman.command_wrappers INFO: pg: pg_receivewal: finished segment at 0/8000000 (timeline 1)
2024-10-03 17:33:09,669 [3905] barman.command_wrappers INFO: pg: pg_receivewal: finished segment at 0/9000000 (timeline 1)
2024-10-03 17:33:14,010 [3905] barman.command_wrappers INFO: pg: pg_receivewal: finished segment at 0/A000000 (timeline 1)
2024-10-03 17:33:18,554 [3905] barman.command_wrappers INFO: pg: pg_receivewal: finished segment at 0/B000000 (timeline 1)
2024-10-03 17:33:23,030 [3905] barman.command_wrappers INFO: pg: pg_receivewal: finished segment at 0/C000000 (timeline 1)
2024-10-03 17:33:26,922 [3905] barman.command_wrappers INFO: pg: pg_receivewal: finished segment at 0/D000000 (timeline 1)
2024-10-03 17:33:31,824 [3905] barman.command_wrappers INFO: pg: pg_receivewal: finished segment at 0/E000000 (timeline 1)
2024-10-03 17:33:36,879 [3905] barman.command_wrappers INFO: pg: pg_receivewal: finished segment at 0/F000000 (timeline 1)
2024-10-03 17:33:41,350 [3905] barman.command_wrappers INFO: pg: pg_receivewal: finished segment at 0/10000000 (timeline 1)
2024-10-03 17:33:45,200 [3905] barman.command_wrappers INFO: pg: pg_receivewal: finished segment at 0/11000000 (timeline 1)
2024-10-03 17:33:48,916 [3905] barman.command_wrappers INFO: pg: pg_receivewal: finished segment at 0/12000000 (timeline 1)
2024-10-03 17:33:53,799 [3905] barman.command_wrappers INFO: pg: pg_receivewal: finished segment at 0/13000000 (timeline 1)
2024-10-03 17:33:58,499 [3905] barman.command_wrappers INFO: pg: pg_receivewal: finished segment at 0/14000000 (timeline 1)
2024-10-03 17:34:02,979 [3905] barman.command_wrappers INFO: pg: pg_receivewal: finished segment at 0/15000000 (timeline 1)
2024-10-03 17:34:06,793 [3905] barman.command_wrappers INFO: pg: pg_receivewal: finished segment at 0/16000000 (timeline 1)
2024-10-03 17:34:10,471 [3905] barman.command_wrappers INFO: pg: pg_receivewal: finished segment at 0/17000000 (timeline 1)
2024-10-03 17:34:14,361 [3905] barman.command_wrappers INFO: pg: pg_receivewal: finished segment at 0/18000000 (timeline 1)
2024-10-03 17:34:18,049 [3905] barman.command_wrappers INFO: pg: pg_receivewal: finished segment at 0/19000000 (timeline 1)
2024-10-03 17:34:21,806 [3905] barman.command_wrappers INFO: pg: pg_receivewal: finished segment at 0/1A000000 (timeline 1)
2024-10-03 17:34:25,091 [3905] barman.command_wrappers INFO: pg: pg_receivewal: finished segment at 0/1B000000 (timeline 1)
2024-10-03 17:34:28,778 [3905] barman.command_wrappers INFO: pg: pg_receivewal: finished segment at 0/1C000000 (timeline 1)
2024-10-03 17:34:32,273 [3905] barman.command_wrappers INFO: pg: pg_receivewal: finished segment at 0/1D000000 (timeline 1)
2024-10-03 17:34:35,799 [3905] barman.command_wrappers INFO: pg: pg_receivewal: finished segment at 0/1E000000 (timeline 1)
2024-10-03 17:34:39,124 [3905] barman.command_wrappers INFO: pg: pg_receivewal: finished segment at 0/1F000000 (timeline 1)
2024-10-03 17:34:42,345 [3905] barman.command_wrappers INFO: pg: pg_receivewal: finished segment at 0/20000000 (timeline 1)
2024-10-03 17:34:45,896 [3905] barman.command_wrappers INFO: pg: pg_receivewal: finished segment at 0/21000000 (timeline 1)
2024-10-03 17:34:50,400 [3905] barman.command_wrappers INFO: pg: pg_receivewal: finished segment at 0/22000000 (timeline 1)
2024-10-03 17:34:54,087 [3905] barman.command_wrappers INFO: pg: pg_receivewal: finished segment at 0/23000000 (timeline 1)
2024-10-03 17:34:57,602 [3905] barman.command_wrappers INFO: pg: pg_receivewal: finished segment at 0/24000000 (timeline 1)
2024-10-03 17:35:01,291 [3905] barman.command_wrappers INFO: pg: pg_receivewal: finished segment at 0/25000000 (timeline 1)
2024-10-03 17:35:04,770 [3905] barman.command_wrappers INFO: pg: pg_receivewal: finished segment at 0/26000000 (timeline 1)
2024-10-03 17:35:08,419 [3905] barman.command_wrappers INFO: pg: pg_receivewal: finished segment at 0/27000000 (timeline 1)
2024-10-03 17:35:12,125 [3905] barman.command_wrappers INFO: pg: pg_receivewal: finished segment at 0/28000000 (timeline 1)
2024-10-03 17:35:15,800 [3905] barman.command_wrappers INFO: pg: pg_receivewal: finished segment at 0/29000000 (timeline 1)
2024-10-03 17:35:19,272 [3905] barman.command_wrappers INFO: pg: pg_receivewal: finished segment at 0/2A000000 (timeline 1)
2024-10-03 17:35:23,182 [3905] barman.command_wrappers INFO: pg: pg_receivewal: finished segment at 0/2B000000 (timeline 1)
2024-10-03 17:35:27,070 [3905] barman.command_wrappers INFO: pg: pg_receivewal: finished segment at 0/2C000000 (timeline 1)
2024-10-03 17:35:30,455 [3905] barman.command_wrappers INFO: pg: pg_receivewal: finished segment at 0/2D000000 (timeline 1)
2024-10-03 17:35:33,951 [3905] barman.command_wrappers INFO: pg: pg_receivewal: finished segment at 0/2E000000 (timeline 1)
2024-10-03 17:35:37,890 [3905] barman.command_wrappers INFO: pg: pg_receivewal: finished segment at 0/2F000000 (timeline 1)
2024-10-03 17:35:41,604 [3905] barman.command_wrappers INFO: pg: pg_receivewal: finished segment at 0/30000000 (timeline 1)
2024-10-03 17:35:45,485 [3905] barman.command_wrappers INFO: pg: pg_receivewal: finished segment at 0/31000000 (timeline 1)
2024-10-03 17:35:49,148 [3905] barman.command_wrappers INFO: pg: pg_receivewal: finished segment at 0/32000000 (timeline 1)
2024-10-03 17:35:53,046 [3905] barman.command_wrappers INFO: pg: pg_receivewal: finished segment at 0/33000000 (timeline 1)
2024-10-03 17:35:56,724 [3905] barman.command_wrappers INFO: pg: pg_receivewal: finished segment at 0/34000000 (timeline 1)
2024-10-03 17:36:00,396 [3905] barman.command_wrappers INFO: pg: pg_receivewal: finished segment at 0/35000000 (timeline 1)
2024-10-03 17:36:04,131 [3905] barman.command_wrappers INFO: pg: pg_receivewal: finished segment at 0/36000000 (timeline 1)
2024-10-03 17:36:07,612 [3905] barman.command_wrappers INFO: pg: pg_receivewal: finished segment at 0/37000000 (timeline 1)
2024-10-03 17:36:11,299 [3905] barman.command_wrappers INFO: pg: pg_receivewal: finished segment at 0/38000000 (timeline 1)
2024-10-03 17:36:15,000 [3905] barman.command_wrappers INFO: pg: pg_receivewal: finished segment at 0/39000000 (timeline 1)
2024-10-03 17:36:18,673 [3905] barman.command_wrappers INFO: pg: pg_receivewal: finished segment at 0/3A000000 (timeline 1)
2024-10-03 17:36:22,363 [3905] barman.command_wrappers INFO: pg: pg_receivewal: finished segment at 0/3B000000 (timeline 1)
2024-10-03 17:36:26,046 [3905] barman.command_wrappers INFO: pg: pg_receivewal: finished segment at 0/3C000000 (timeline 1)
2024-10-03 17:36:29,930 [3905] barman.command_wrappers INFO: pg: pg_receivewal: finished segment at 0/3D000000 (timeline 1)
2024-10-03 17:36:34,229 [3905] barman.command_wrappers INFO: pg: pg_receivewal: finished segment at 0/3E000000 (timeline 1)
2024-10-03 17:36:38,929 [3905] barman.command_wrappers INFO: pg: pg_receivewal: finished segment at 0/3F000000 (timeline 1)
2024-10-03 17:36:43,403 [3905] barman.command_wrappers INFO: pg: pg_receivewal: finished segment at 0/40000000 (timeline 1)
2024-10-03 17:36:48,916 [3905] barman.command_wrappers INFO: pg: pg_receivewal: finished segment at 0/41000000 (timeline 1)
2024-10-03 17:36:54,956 [3905] barman.command_wrappers INFO: pg: pg_receivewal: finished segment at 0/42000000 (timeline 1)
2024-10-03 17:37:00,952 [3905] barman.command_wrappers INFO: pg: pg_receivewal: finished segment at 0/43000000 (timeline 1)
2024-10-03 17:37:06,227 [3905] barman.command_wrappers INFO: pg: pg_receivewal: finished segment at 0/44000000 (timeline 1)
2024-10-03 17:37:10,996 [3905] barman.command_wrappers INFO: pg: pg_receivewal: finished segment at 0/45000000 (timeline 1)
2024-10-03 17:37:21,473 [3905] barman.command_wrappers INFO: pg: pg_receivewal: finished segment at 0/46000000 (timeline 1)
2024-10-03 17:37:33,719 [3905] barman.command_wrappers INFO: pg: pg_receivewal: finished segment at 0/47000000 (timeline 1)
2024-10-03 17:37:39,606 [3905] barman.command_wrappers INFO: pg: pg_receivewal: finished segment at 0/48000000 (timeline 1)
2024-10-03 17:37:43,494 [3905] barman.command_wrappers INFO: pg: pg_receivewal: finished segment at 0/49000000 (timeline 1)
2024-10-03 17:37:48,309 [3905] barman.command_wrappers INFO: pg: pg_receivewal: finished segment at 0/4A000000 (timeline 1)
2024-10-03 17:37:53,718 [3905] barman.command_wrappers INFO: pg: pg_receivewal: finished segment at 0/4B000000 (timeline 1)
2024-10-03 17:37:57,508 [3905] barman.command_wrappers INFO: pg: pg_receivewal: finished segment at 0/4C000000 (timeline 1)
2024-10-03 17:38:01,359 [3905] barman.command_wrappers INFO: pg: pg_receivewal: finished segment at 0/4D000000 (timeline 1)
2024-10-03 17:38:06,296 [3905] barman.command_wrappers INFO: pg: pg_receivewal: finished segment at 0/4E000000 (timeline 1)
2024-10-03 17:38:07,048 [3905] barman.command_wrappers INFO: pg: pg_receivewal: finished segment at 0/4F000000 (timeline 1)
2024-10-03 17:38:08,121 [3905] barman.command_wrappers INFO: pg: pg_receivewal: finished segment at 0/50000000 (timeline 1)
2024-10-03 17:38:08,509 [3905] barman.command_wrappers INFO: pg: pg_receivewal: finished segment at 0/51000000 (timeline 1)
2024-10-03 17:38:10,012 [3905] barman.command_wrappers INFO: pg: pg_receivewal: finished segment at 0/52000000 (timeline 1)
2024-10-03 17:38:12,376 [3905] barman.command_wrappers INFO: pg: pg_receivewal: finished segment at 0/53000000 (timeline 1)
2024-10-03 17:38:15,957 [3905] barman.command_wrappers INFO: pg: pg_receivewal: finished segment at 0/54000000 (timeline 1)
2024-10-03 17:38:17,852 [3905] barman.command_wrappers INFO: pg: pg_receivewal: finished segment at 0/55000000 (timeline 1)
2024-10-03 17:38:19,574 [3905] barman.command_wrappers INFO: pg: pg_receivewal: finished segment at 0/56000000 (timeline 1)
2024-10-03 17:38:22,034 [3905] barman.command_wrappers INFO: pg: pg_receivewal: finished segment at 0/57000000 (timeline 1)
2024-10-03 17:38:22,393 [3905] barman.command_wrappers INFO: pg: pg_receivewal: finished segment at 0/58000000 (timeline 1)
2024-10-03 17:38:23,174 [3905] barman.command_wrappers INFO: pg: pg_receivewal: finished segment at 0/59000000 (timeline 1)
2024-10-03 17:38:24,803 [3905] barman.command_wrappers INFO: pg: pg_receivewal: finished segment at 0/5A000000 (timeline 1)
2024-10-03 17:38:26,155 [3905] barman.command_wrappers INFO: pg: pg_receivewal: finished segment at 0/5B000000 (timeline 1)
2024-10-03 17:38:27,019 [3905] barman.command_wrappers INFO: pg: pg_receivewal: finished segment at 0/5C000000 (timeline 1)
2024-10-03 17:38:28,474 [3905] barman.command_wrappers INFO: pg: pg_receivewal: finished segment at 0/5D000000 (timeline 1)
2024-10-03 17:38:30,540 [3905] barman.command_wrappers INFO: pg: pg_receivewal: finished segment at 0/5E000000 (timeline 1)
2024-10-03 17:38:31,450 [3905] barman.command_wrappers INFO: pg: pg_receivewal: finished segment at 0/5F000000 (timeline 1)
2024-10-03 17:38:33,957 [3905] barman.command_wrappers INFO: pg: pg_receivewal: finished segment at 0/60000000 (timeline 1)
2024-10-03 17:38:34,963 [3905] barman.command_wrappers INFO: pg: pg_receivewal: finished segment at 0/61000000 (timeline 1)
2024-10-03 17:38:35,311 [3905] barman.command_wrappers INFO: pg: pg_receivewal: finished segment at 0/62000000 (timeline 1)
2024-10-03 17:38:36,494 [3905] barman.command_wrappers INFO: pg: pg_receivewal: finished segment at 0/63000000 (timeline 1)
2024-10-03 17:38:38,038 [3905] barman.command_wrappers INFO: pg: pg_receivewal: finished segment at 0/64000000 (timeline 1)
2024-10-03 17:38:38,559 [3905] barman.command_wrappers INFO: pg: pg_receivewal: finished segment at 0/65000000 (timeline 1)
2024-10-03 17:38:39,169 [3905] barman.command_wrappers INFO: pg: pg_receivewal: finished segment at 0/66000000 (timeline 1)
2024-10-03 17:38:40,301 [3905] barman.command_wrappers INFO: pg: pg_receivewal: finished segment at 0/67000000 (timeline 1)
2024-10-03 17:38:42,243 [3905] barman.command_wrappers INFO: pg: pg_receivewal: finished segment at 0/68000000 (timeline 1)
2024-10-03 17:38:42,604 [3905] barman.command_wrappers INFO: pg: pg_receivewal: finished segment at 0/69000000 (timeline 1)
2024-10-03 17:38:42,994 [3905] barman.command_wrappers INFO: pg: pg_receivewal: finished segment at 0/6A000000 (timeline 1)
2024-10-03 17:38:43,366 [3905] barman.command_wrappers INFO: pg: pg_receivewal: finished segment at 0/6B000000 (timeline 1)
2024-10-03 17:38:44,127 [3905] barman.command_wrappers INFO: pg: pg_receivewal: finished segment at 0/6C000000 (timeline 1)
2024-10-03 17:38:45,109 [3905] barman.command_wrappers INFO: pg: pg_receivewal: finished segment at 0/6D000000 (timeline 1)
2024-10-03 17:38:46,939 [3905] barman.command_wrappers INFO: pg: pg_receivewal: finished segment at 0/6E000000 (timeline 1)
2024-10-03 17:38:48,354 [3905] barman.command_wrappers INFO: pg: pg_receivewal: finished segment at 0/6F000000 (timeline 1)
2024-10-03 17:38:49,276 [3905] barman.command_wrappers INFO: pg: pg_receivewal: finished segment at 0/70000000 (timeline 1)
2024-10-03 17:38:49,909 [3905] barman.command_wrappers INFO: pg: pg_receivewal: finished segment at 0/71000000 (timeline 1)
2024-10-03 17:38:52,130 [3905] barman.command_wrappers INFO: pg: pg_receivewal: finished segment at 0/72000000 (timeline 1)
2024-10-03 17:38:54,841 [3905] barman.command_wrappers INFO: pg: pg_receivewal: finished segment at 0/73000000 (timeline 1)
2024-10-03 17:38:56,613 [3905] barman.command_wrappers INFO: pg: pg_receivewal: finished segment at 0/74000000 (timeline 1)
2024-10-03 17:38:57,120 [3905] barman.command_wrappers INFO: pg: pg_receivewal: finished segment at 0/75000000 (timeline 1)
2024-10-03 17:38:58,643 [3905] barman.command_wrappers INFO: pg: pg_receivewal: finished segment at 0/76000000 (timeline 1)
2024-10-03 17:38:59,892 [3905] barman.command_wrappers INFO: pg: pg_receivewal: finished segment at 0/77000000 (timeline 1)
2024-10-03 17:40:44,642 [3973] barman.backup INFO: Starting backup using postgres method for server pg in /var/lib/barman/pg/base/20241003T174044
2024-10-03 17:40:44,662 [3973] barman.backup_executor INFO: Backup start at LSN: 0/776147C0 (000000010000000000000077, 006147C0)
2024-10-03 17:40:44,663 [3973] barman.backup_executor INFO: Starting backup copy via pg_basebackup for 20241003T174044
2024-10-03 17:40:44,694 [3973] barman.backup_executor INFO: pg_basebackup: initiating base backup, waiting for checkpoint to complete
2024-10-03 17:40:44,781 [3905] barman.command_wrappers INFO: pg: pg_receivewal: finished segment at 0/78000000 (timeline 1)
2024-10-03 17:41:32,336 [3973] barman.backup_executor INFO: pg_basebackup: checkpoint completed
2024-10-03 17:41:40,229 [3973] barman.backup_executor INFO: NOTICE:  WAL archiving is not enabled; you must ensure that all required WAL segments are copied through other means to complete the backup
2024-10-03 17:41:40,238 [3973] barman.backup_executor INFO: pg_basebackup: syncing data to disk ...
2024-10-03 17:41:40,348 [3905] barman.command_wrappers INFO: pg: pg_receivewal: finished segment at 0/79000000 (timeline 1)
2024-10-03 17:41:42,905 [3973] barman.backup_executor INFO: pg_basebackup: renaming backup_manifest.tmp to backup_manifest
2024-10-03 17:41:42,910 [3973] barman.backup_executor INFO: pg_basebackup: base backup completed
2024-10-03 17:41:42,910 [3973] barman.backup_executor INFO: 
2024-10-03 17:41:42,911 [3973] barman.backup_executor INFO: Copy done (time: 58 seconds)
2024-10-03 17:41:42,912 [3973] barman.backup_executor INFO: Finalising the backup.
2024-10-03 17:41:42,932 [3973] barman.postgres INFO: Restore point 'barman_20241003T174044' successfully created
2024-10-03 17:41:45,428 [3973] barman.backup INFO: Backup size: 2.0 GiB
2024-10-03 17:41:45,428 [3973] barman.backup INFO: Backup end at LSN: 0/79000000 (000000010000000000000078, 00000000)
2024-10-03 17:41:45,429 [3973] barman.backup INFO: Backup completed (start time: 2024-10-03 17:40:44.663533, elapsed time: 1 minute)
2024-10-03 17:41:45,571 [3973] barman.wal_archiver INFO: Found 114 xlog segments from streaming for pg. Archive all segments in one run.
2024-10-03 17:41:45,571 [3973] barman.wal_archiver INFO: Archiving segment 1 of 114 from streaming: pg/000000010000000000000007
2024-10-03 17:41:46,053 [3973] barman.wal_archiver INFO: Archiving segment 2 of 114 from streaming: pg/000000010000000000000008
2024-10-03 17:41:46,663 [3973] barman.wal_archiver INFO: Archiving segment 3 of 114 from streaming: pg/000000010000000000000009
2024-10-03 17:41:47,271 [3973] barman.wal_archiver INFO: Archiving segment 4 of 114 from streaming: pg/00000001000000000000000A
2024-10-03 17:41:47,951 [3973] barman.wal_archiver INFO: Archiving segment 5 of 114 from streaming: pg/00000001000000000000000B
2024-10-03 17:41:48,592 [3973] barman.wal_archiver INFO: Archiving segment 6 of 114 from streaming: pg/00000001000000000000000C
2024-10-03 17:41:49,186 [3973] barman.wal_archiver INFO: Archiving segment 7 of 114 from streaming: pg/00000001000000000000000D
2024-10-03 17:41:49,809 [3973] barman.wal_archiver INFO: Archiving segment 8 of 114 from streaming: pg/00000001000000000000000E
2024-10-03 17:41:50,474 [3973] barman.wal_archiver INFO: Archiving segment 9 of 114 from streaming: pg/00000001000000000000000F
2024-10-03 17:41:51,079 [3973] barman.wal_archiver INFO: Archiving segment 10 of 114 from streaming: pg/000000010000000000000010
2024-10-03 17:41:51,651 [3973] barman.wal_archiver INFO: Archiving segment 11 of 114 from streaming: pg/000000010000000000000011
2024-10-03 17:41:52,251 [3973] barman.wal_archiver INFO: Archiving segment 12 of 114 from streaming: pg/000000010000000000000012
2024-10-03 17:41:52,919 [3973] barman.wal_archiver INFO: Archiving segment 13 of 114 from streaming: pg/000000010000000000000013
2024-10-03 17:41:53,565 [3973] barman.wal_archiver INFO: Archiving segment 14 of 114 from streaming: pg/000000010000000000000014
2024-10-03 17:41:54,149 [3973] barman.wal_archiver INFO: Archiving segment 15 of 114 from streaming: pg/000000010000000000000015
2024-10-03 17:41:54,621 [3973] barman.wal_archiver INFO: Archiving segment 16 of 114 from streaming: pg/000000010000000000000016
2024-10-03 17:41:55,013 [3973] barman.wal_archiver INFO: Archiving segment 17 of 114 from streaming: pg/000000010000000000000017
2024-10-03 17:41:55,392 [3973] barman.wal_archiver INFO: Archiving segment 18 of 114 from streaming: pg/000000010000000000000018
2024-10-03 17:41:55,770 [3973] barman.wal_archiver INFO: Archiving segment 19 of 114 from streaming: pg/000000010000000000000019
2024-10-03 17:41:56,158 [3973] barman.wal_archiver INFO: Archiving segment 20 of 114 from streaming: pg/00000001000000000000001A
2024-10-03 17:41:56,531 [3973] barman.wal_archiver INFO: Archiving segment 21 of 114 from streaming: pg/00000001000000000000001B
2024-10-03 17:41:56,906 [3973] barman.wal_archiver INFO: Archiving segment 22 of 114 from streaming: pg/00000001000000000000001C
2024-10-03 17:41:57,277 [3973] barman.wal_archiver INFO: Archiving segment 23 of 114 from streaming: pg/00000001000000000000001D
2024-10-03 17:41:57,639 [3973] barman.wal_archiver INFO: Archiving segment 24 of 114 from streaming: pg/00000001000000000000001E
2024-10-03 17:41:58,015 [3973] barman.wal_archiver INFO: Archiving segment 25 of 114 from streaming: pg/00000001000000000000001F
2024-10-03 17:41:58,402 [3973] barman.wal_archiver INFO: Archiving segment 26 of 114 from streaming: pg/000000010000000000000020
2024-10-03 17:41:58,804 [3973] barman.wal_archiver INFO: Archiving segment 27 of 114 from streaming: pg/000000010000000000000021
2024-10-03 17:41:59,194 [3973] barman.wal_archiver INFO: Archiving segment 28 of 114 from streaming: pg/000000010000000000000022
2024-10-03 17:41:59,610 [3973] barman.wal_archiver INFO: Archiving segment 29 of 114 from streaming: pg/000000010000000000000023
2024-10-03 17:41:59,981 [3973] barman.wal_archiver INFO: Archiving segment 30 of 114 from streaming: pg/000000010000000000000024
2024-10-03 17:42:00,377 [3973] barman.wal_archiver INFO: Archiving segment 31 of 114 from streaming: pg/000000010000000000000025
2024-10-03 17:42:00,751 [3973] barman.wal_archiver INFO: Archiving segment 32 of 114 from streaming: pg/000000010000000000000026
2024-10-03 17:42:01,143 [3973] barman.wal_archiver INFO: Archiving segment 33 of 114 from streaming: pg/000000010000000000000027
2024-10-03 17:42:01,571 [3973] barman.wal_archiver INFO: Archiving segment 34 of 114 from streaming: pg/000000010000000000000028
2024-10-03 17:42:01,965 [3973] barman.wal_archiver INFO: Archiving segment 35 of 114 from streaming: pg/000000010000000000000029
2024-10-03 17:42:02,339 [3973] barman.wal_archiver INFO: Archiving segment 36 of 114 from streaming: pg/00000001000000000000002A
2024-10-03 17:42:02,708 [3973] barman.wal_archiver INFO: Archiving segment 37 of 114 from streaming: pg/00000001000000000000002B
2024-10-03 17:42:03,080 [3973] barman.wal_archiver INFO: Archiving segment 38 of 114 from streaming: pg/00000001000000000000002C
2024-10-03 17:42:03,476 [3973] barman.wal_archiver INFO: Archiving segment 39 of 114 from streaming: pg/00000001000000000000002D
2024-10-03 17:42:03,859 [3973] barman.wal_archiver INFO: Archiving segment 40 of 114 from streaming: pg/00000001000000000000002E
2024-10-03 17:42:04,249 [3973] barman.wal_archiver INFO: Archiving segment 41 of 114 from streaming: pg/00000001000000000000002F
2024-10-03 17:42:04,616 [3973] barman.wal_archiver INFO: Archiving segment 42 of 114 from streaming: pg/000000010000000000000030
2024-10-03 17:42:04,991 [3973] barman.wal_archiver INFO: Archiving segment 43 of 114 from streaming: pg/000000010000000000000031
2024-10-03 17:42:05,380 [3973] barman.wal_archiver INFO: Archiving segment 44 of 114 from streaming: pg/000000010000000000000032
2024-10-03 17:42:05,774 [3973] barman.wal_archiver INFO: Archiving segment 45 of 114 from streaming: pg/000000010000000000000033
2024-10-03 17:42:06,162 [3973] barman.wal_archiver INFO: Archiving segment 46 of 114 from streaming: pg/000000010000000000000034
2024-10-03 17:42:06,542 [3973] barman.wal_archiver INFO: Archiving segment 47 of 114 from streaming: pg/000000010000000000000035
2024-10-03 17:42:06,943 [3973] barman.wal_archiver INFO: Archiving segment 48 of 114 from streaming: pg/000000010000000000000036
2024-10-03 17:42:07,322 [3973] barman.wal_archiver INFO: Archiving segment 49 of 114 from streaming: pg/000000010000000000000037
2024-10-03 17:42:07,696 [3973] barman.wal_archiver INFO: Archiving segment 50 of 114 from streaming: pg/000000010000000000000038
2024-10-03 17:42:08,073 [3973] barman.wal_archiver INFO: Archiving segment 51 of 114 from streaming: pg/000000010000000000000039
2024-10-03 17:42:08,436 [3973] barman.wal_archiver INFO: Archiving segment 52 of 114 from streaming: pg/00000001000000000000003A
2024-10-03 17:42:08,786 [3973] barman.wal_archiver INFO: Archiving segment 53 of 114 from streaming: pg/00000001000000000000003B
2024-10-03 17:42:09,167 [3973] barman.wal_archiver INFO: Archiving segment 54 of 114 from streaming: pg/00000001000000000000003C
2024-10-03 17:42:09,601 [3973] barman.wal_archiver INFO: Archiving segment 55 of 114 from streaming: pg/00000001000000000000003D
2024-10-03 17:42:10,169 [3973] barman.wal_archiver INFO: Archiving segment 56 of 114 from streaming: pg/00000001000000000000003E
2024-10-03 17:42:10,783 [3973] barman.wal_archiver INFO: Archiving segment 57 of 114 from streaming: pg/00000001000000000000003F
2024-10-03 17:42:11,303 [3973] barman.wal_archiver INFO: Archiving segment 58 of 114 from streaming: pg/000000010000000000000040
2024-10-03 17:42:11,834 [3973] barman.wal_archiver INFO: Archiving segment 59 of 114 from streaming: pg/000000010000000000000041
2024-10-03 17:42:12,402 [3973] barman.wal_archiver INFO: Archiving segment 60 of 114 from streaming: pg/000000010000000000000042
2024-10-03 17:42:12,950 [3973] barman.wal_archiver INFO: Archiving segment 61 of 114 from streaming: pg/000000010000000000000043
2024-10-03 17:42:13,508 [3973] barman.wal_archiver INFO: Archiving segment 62 of 114 from streaming: pg/000000010000000000000044
2024-10-03 17:42:14,137 [3973] barman.wal_archiver INFO: Archiving segment 63 of 114 from streaming: pg/000000010000000000000045
2024-10-03 17:42:14,696 [3973] barman.wal_archiver INFO: Archiving segment 64 of 114 from streaming: pg/000000010000000000000046
2024-10-03 17:42:15,227 [3973] barman.wal_archiver INFO: Archiving segment 65 of 114 from streaming: pg/000000010000000000000047
2024-10-03 17:42:15,591 [3973] barman.wal_archiver INFO: Archiving segment 66 of 114 from streaming: pg/000000010000000000000048
2024-10-03 17:42:15,952 [3973] barman.wal_archiver INFO: Archiving segment 67 of 114 from streaming: pg/000000010000000000000049
2024-10-03 17:42:16,342 [3973] barman.wal_archiver INFO: Archiving segment 68 of 114 from streaming: pg/00000001000000000000004A
2024-10-03 17:42:16,727 [3973] barman.wal_archiver INFO: Archiving segment 69 of 114 from streaming: pg/00000001000000000000004B
2024-10-03 17:42:17,123 [3973] barman.wal_archiver INFO: Archiving segment 70 of 114 from streaming: pg/00000001000000000000004C
2024-10-03 17:42:17,524 [3973] barman.wal_archiver INFO: Archiving segment 71 of 114 from streaming: pg/00000001000000000000004D
2024-10-03 17:42:18,120 [3973] barman.wal_archiver INFO: Archiving segment 72 of 114 from streaming: pg/00000001000000000000004E
2024-10-03 17:42:18,886 [3973] barman.wal_archiver INFO: Archiving segment 73 of 114 from streaming: pg/00000001000000000000004F
2024-10-03 17:42:19,656 [3973] barman.wal_archiver INFO: Archiving segment 74 of 114 from streaming: pg/000000010000000000000050
2024-10-03 17:42:20,455 [3973] barman.wal_archiver INFO: Archiving segment 75 of 114 from streaming: pg/000000010000000000000051
2024-10-03 17:42:21,221 [3973] barman.wal_archiver INFO: Archiving segment 76 of 114 from streaming: pg/000000010000000000000052
2024-10-03 17:42:22,402 [3973] barman.wal_archiver INFO: Archiving segment 77 of 114 from streaming: pg/000000010000000000000053
2024-10-03 17:42:23,706 [3973] barman.wal_archiver INFO: Archiving segment 78 of 114 from streaming: pg/000000010000000000000054
2024-10-03 17:42:24,906 [3973] barman.wal_archiver INFO: Archiving segment 79 of 114 from streaming: pg/000000010000000000000055
2024-10-03 17:42:26,077 [3973] barman.wal_archiver INFO: Archiving segment 80 of 114 from streaming: pg/000000010000000000000056
2024-10-03 17:42:27,172 [3973] barman.wal_archiver INFO: Archiving segment 81 of 114 from streaming: pg/000000010000000000000057
2024-10-03 17:42:27,934 [3973] barman.wal_archiver INFO: Archiving segment 82 of 114 from streaming: pg/000000010000000000000058
2024-10-03 17:42:28,843 [3973] barman.wal_archiver INFO: Archiving segment 83 of 114 from streaming: pg/000000010000000000000059
2024-10-03 17:42:29,905 [3973] barman.wal_archiver INFO: Archiving segment 84 of 114 from streaming: pg/00000001000000000000005A
2024-10-03 17:42:31,171 [3973] barman.wal_archiver INFO: Archiving segment 85 of 114 from streaming: pg/00000001000000000000005B
2024-10-03 17:42:31,979 [3973] barman.wal_archiver INFO: Archiving segment 86 of 114 from streaming: pg/00000001000000000000005C
2024-10-03 17:42:33,161 [3973] barman.wal_archiver INFO: Archiving segment 87 of 114 from streaming: pg/00000001000000000000005D
2024-10-03 17:42:34,369 [3973] barman.wal_archiver INFO: Archiving segment 88 of 114 from streaming: pg/00000001000000000000005E
2024-10-03 17:42:35,509 [3973] barman.wal_archiver INFO: Archiving segment 89 of 114 from streaming: pg/00000001000000000000005F
2024-10-03 17:42:36,622 [3973] barman.wal_archiver INFO: Archiving segment 90 of 114 from streaming: pg/000000010000000000000060
2024-10-03 17:42:37,359 [3973] barman.wal_archiver INFO: Archiving segment 91 of 114 from streaming: pg/000000010000000000000061
2024-10-03 17:42:38,211 [3973] barman.wal_archiver INFO: Archiving segment 92 of 114 from streaming: pg/000000010000000000000062
2024-10-03 17:42:38,997 [3973] barman.wal_archiver INFO: Archiving segment 93 of 114 from streaming: pg/000000010000000000000063
2024-10-03 17:42:39,722 [3973] barman.wal_archiver INFO: Archiving segment 94 of 114 from streaming: pg/000000010000000000000064
2024-10-03 17:42:40,493 [3973] barman.wal_archiver INFO: Archiving segment 95 of 114 from streaming: pg/000000010000000000000065
2024-10-03 17:42:41,252 [3973] barman.wal_archiver INFO: Archiving segment 96 of 114 from streaming: pg/000000010000000000000066
2024-10-03 17:42:42,019 [3973] barman.wal_archiver INFO: Archiving segment 97 of 114 from streaming: pg/000000010000000000000067
2024-10-03 17:42:42,758 [3973] barman.wal_archiver INFO: Archiving segment 98 of 114 from streaming: pg/000000010000000000000068
2024-10-03 17:42:43,498 [3973] barman.wal_archiver INFO: Archiving segment 99 of 114 from streaming: pg/000000010000000000000069
2024-10-03 17:42:44,241 [3973] barman.wal_archiver INFO: Archiving segment 100 of 114 from streaming: pg/00000001000000000000006A
2024-10-03 17:42:44,991 [3973] barman.wal_archiver INFO: Archiving segment 101 of 114 from streaming: pg/00000001000000000000006B
2024-10-03 17:42:45,727 [3973] barman.wal_archiver INFO: Archiving segment 102 of 114 from streaming: pg/00000001000000000000006C
2024-10-03 17:42:46,543 [3973] barman.wal_archiver INFO: Archiving segment 103 of 114 from streaming: pg/00000001000000000000006D
2024-10-03 17:42:47,278 [3973] barman.wal_archiver INFO: Archiving segment 104 of 114 from streaming: pg/00000001000000000000006E
2024-10-03 17:42:48,074 [3973] barman.wal_archiver INFO: Archiving segment 105 of 114 from streaming: pg/00000001000000000000006F
2024-10-03 17:42:48,855 [3973] barman.wal_archiver INFO: Archiving segment 106 of 114 from streaming: pg/000000010000000000000070
2024-10-03 17:42:49,685 [3973] barman.wal_archiver INFO: Archiving segment 107 of 114 from streaming: pg/000000010000000000000071
2024-10-03 17:42:50,568 [3973] barman.wal_archiver INFO: Archiving segment 108 of 114 from streaming: pg/000000010000000000000072
2024-10-03 17:42:51,906 [3973] barman.wal_archiver INFO: Archiving segment 109 of 114 from streaming: pg/000000010000000000000073
2024-10-03 17:42:52,803 [3973] barman.wal_archiver INFO: Archiving segment 110 of 114 from streaming: pg/000000010000000000000074
2024-10-03 17:42:53,608 [3973] barman.wal_archiver INFO: Archiving segment 111 of 114 from streaming: pg/000000010000000000000075
2024-10-03 17:42:54,842 [3973] barman.wal_archiver INFO: Archiving segment 112 of 114 from streaming: pg/000000010000000000000076
2024-10-03 17:42:56,125 [3973] barman.wal_archiver INFO: Archiving segment 113 of 114 from streaming: pg/000000010000000000000077
2024-10-03 17:42:56,506 [3973] barman.wal_archiver INFO: Archiving segment 114 of 114 from streaming: pg/000000010000000000000078
2024-10-03 17:46:54,334 [3905] barman.wal_archiver INFO: SIGINT received. Terminate gracefully.
2024-10-03 17:47:07,840 [4490] barman.server INFO: Starting receive-wal for server pg
2024-10-03 17:47:07,842 [4490] barman.wal_archiver INFO: Activating WAL archiving through streaming protocol
2024-10-03 17:47:07,877 [4490] barman.command_wrappers INFO: pg: pg_receivewal: starting log streaming at 0/7000000 (timeline 1)
2024-10-03 17:47:07,878 [4490] barman.command_wrappers INFO: pg: pg_receivewal: error: unexpected termination of replication stream: ERROR:  requested WAL segment 000000010000000000000007 has already been removed
2024-10-03 17:47:07,881 [4490] barman.command_wrappers INFO: pg: pg_receivewal: error: disconnected
2024-10-03 17:47:07,883 [4490] barman.server ERROR: ArchiverFailure:pg_receivewal terminated with error code: 1
2024-10-03 17:47:24,509 [4494] barman.server INFO: Starting receive-wal for server pg
2024-10-03 17:47:24,510 [4494] barman.wal_archiver INFO: Activating WAL archiving through streaming protocol
2024-10-03 17:47:24,544 [4494] barman.command_wrappers INFO: pg: pg_receivewal: starting log streaming at 0/7000000 (timeline 1)
2024-10-03 17:47:24,545 [4494] barman.command_wrappers INFO: pg: pg_receivewal: error: unexpected termination of replication stream: ERROR:  requested WAL segment 000000010000000000000007 has already been removed
2024-10-03 17:47:24,549 [4494] barman.command_wrappers INFO: pg: pg_receivewal: error: disconnected
2024-10-03 17:47:24,552 [4494] barman.server ERROR: ArchiverFailure:pg_receivewal terminated with error code: 1
2024-10-03 17:48:21,608 [4525] barman.server INFO: Starting receive-wal for server pg
2024-10-03 17:48:21,609 [4525] barman.wal_archiver INFO: Activating WAL archiving through streaming protocol
2024-10-03 17:48:21,645 [4525] barman.command_wrappers INFO: pg: pg_receivewal: starting log streaming at 0/7000000 (timeline 1)
2024-10-03 17:48:21,647 [4525] barman.command_wrappers INFO: pg: pg_receivewal: error: unexpected termination of replication stream: ERROR:  requested WAL segment 000000010000000000000007 has already been removed
2024-10-03 17:48:21,652 [4525] barman.command_wrappers INFO: pg: pg_receivewal: error: disconnected
2024-10-03 17:48:21,653 [4525] barman.server ERROR: ArchiverFailure:pg_receivewal terminated with error code: 1
2024-10-03 17:49:42,760 [4553] barman.server INFO: Starting receive-wal for server pg
2024-10-03 17:49:42,762 [4553] barman.wal_archiver INFO: Activating WAL archiving through streaming protocol
2024-10-03 17:49:42,795 [4553] barman.command_wrappers INFO: pg: pg_receivewal: starting log streaming at 0/79000000 (timeline 1)
2024-10-03 17:50:18,782 [4553] barman.wal_archiver INFO: SIGINT received. Terminate gracefully.
